Analysis & Synthesis report for miniproj
Wed May 19 15:32:35 2021
Quartus Prime Version 17.1.0 Build 590 10/25/2017 SJ Lite Edition


---------------------
; Table of Contents ;
---------------------
  1. Legal Notice
  2. Analysis & Synthesis Summary
  3. Analysis & Synthesis Settings
  4. Parallel Compilation
  5. Analysis & Synthesis Source Files Read
  6. Analysis & Synthesis Resource Usage Summary
  7. Analysis & Synthesis Resource Utilization by Entity
  8. State Machine - |Apple_pick|state
  9. State Machine - |Apple_pick|LT24Display:Display|stateMachine
 10. Registers Removed During Synthesis
 11. Removed Registers Triggering Further Register Optimizations
 12. General Register Statistics
 13. Inverted Register Statistics
 14. Multiplexer Restructuring Statistics (Restructuring Performed)
 15. Source assignments for LT24Display:Display
 16. Parameter Settings for User Entity Instance: LT24Display:Display
 17. Parameter Settings for User Entity Instance: LT24Display:Display|LT24InitialData:initDataRom
 18. Parameter Settings for User Entity Instance: LT24Display:Display|LT24DisplayInterface:LT24Interface
 19. Parameter Settings for User Entity Instance: UpCounterNbit:screen_xCounter
 20. Parameter Settings for User Entity Instance: UpCounterNbit:screen_yCounter
 21. Port Connectivity Checks: "LT24Display:Display"
 22. Post-Synthesis Netlist Statistics for Top Partition
 23. Elapsed Time Per Partition
 24. Analysis & Synthesis Messages
 25. Analysis & Synthesis Suppressed Messages



----------------
; Legal Notice ;
----------------
Copyright (C) 2017  Intel Corporation. All rights reserved.
Your use of Intel Corporation's design tools, logic functions 
and other software and tools, and its AMPP partner logic 
functions, and any output files from any of the foregoing 
(including device programming or simulation files), and any 
associated documentation or information are expressly subject 
to the terms and conditions of the Intel Program License 
Subscription Agreement, the Intel Quartus Prime License Agreement,
the Intel FPGA IP License Agreement, or other applicable license
agreement, including, without limitation, that your use is for
the sole purpose of programming logic devices manufactured by
Intel and sold by Intel or its authorized distributors.  Please
refer to the applicable agreement for further details.



+-------------------------------------------------------------------------------+
; Analysis & Synthesis Summary                                                  ;
+---------------------------------+---------------------------------------------+
; Analysis & Synthesis Status     ; Successful - Wed May 19 15:32:35 2021       ;
; Quartus Prime Version           ; 17.1.0 Build 590 10/25/2017 SJ Lite Edition ;
; Revision Name                   ; miniproj                                    ;
; Top-level Entity Name           ; Apple_pick                                  ;
; Family                          ; Cyclone V                                   ;
; Logic utilization (in ALMs)     ; N/A                                         ;
; Total registers                 ; 216                                         ;
; Total pins                      ; 30                                          ;
; Total virtual pins              ; 0                                           ;
; Total block memory bits         ; 0                                           ;
; Total DSP Blocks                ; 0                                           ;
; Total HSSI RX PCSs              ; 0                                           ;
; Total HSSI PMA RX Deserializers ; 0                                           ;
; Total HSSI TX PCSs              ; 0                                           ;
; Total HSSI PMA TX Serializers   ; 0                                           ;
; Total PLLs                      ; 0                                           ;
; Total DLLs                      ; 0                                           ;
+---------------------------------+---------------------------------------------+


+---------------------------------------------------------------------------------------------------------------------------+
; Analysis & Synthesis Settings                                                                                             ;
+---------------------------------------------------------------------------------+--------------------+--------------------+
; Option                                                                          ; Setting            ; Default Value      ;
+---------------------------------------------------------------------------------+--------------------+--------------------+
; Device                                                                          ; 5CSEMA5F31C6       ;                    ;
; Top-level entity name                                                           ; Apple_pick         ; miniproj           ;
; Family name                                                                     ; Cyclone V          ; Cyclone V          ;
; Use smart compilation                                                           ; Off                ; Off                ;
; Enable parallel Assembler and TimeQuest Timing Analyzer during compilation      ; On                 ; On                 ;
; Enable compact report table                                                     ; Off                ; Off                ;
; Restructure Multiplexers                                                        ; Auto               ; Auto               ;
; MLAB Add Timing Constraints For Mixed-Port Feed-Through Mode Setting Don't Care ; Off                ; Off                ;
; Create Debugging Nodes for IP Cores                                             ; Off                ; Off                ;
; Preserve fewer node names                                                       ; On                 ; On                 ;
; Intel FPGA IP Evaluation Mode                                                   ; Enable             ; Enable             ;
; Verilog Version                                                                 ; Verilog_2001       ; Verilog_2001       ;
; VHDL Version                                                                    ; VHDL_1993          ; VHDL_1993          ;
; State Machine Processing                                                        ; Auto               ; Auto               ;
; Safe State Machine                                                              ; Off                ; Off                ;
; Extract Verilog State Machines                                                  ; On                 ; On                 ;
; Extract VHDL State Machines                                                     ; On                 ; On                 ;
; Ignore Verilog initial constructs                                               ; Off                ; Off                ;
; Iteration limit for constant Verilog loops                                      ; 5000               ; 5000               ;
; Iteration limit for non-constant Verilog loops                                  ; 250                ; 250                ;
; Add Pass-Through Logic to Inferred RAMs                                         ; On                 ; On                 ;
; Infer RAMs from Raw Logic                                                       ; On                 ; On                 ;
; Parallel Synthesis                                                              ; On                 ; On                 ;
; DSP Block Balancing                                                             ; Auto               ; Auto               ;
; NOT Gate Push-Back                                                              ; On                 ; On                 ;
; Power-Up Don't Care                                                             ; On                 ; On                 ;
; Remove Redundant Logic Cells                                                    ; Off                ; Off                ;
; Remove Duplicate Registers                                                      ; On                 ; On                 ;
; Ignore CARRY Buffers                                                            ; Off                ; Off                ;
; Ignore CASCADE Buffers                                                          ; Off                ; Off                ;
; Ignore GLOBAL Buffers                                                           ; Off                ; Off                ;
; Ignore ROW GLOBAL Buffers                                                       ; Off                ; Off                ;
; Ignore LCELL Buffers                                                            ; Off                ; Off                ;
; Ignore SOFT Buffers                                                             ; On                 ; On                 ;
; Limit AHDL Integers to 32 Bits                                                  ; Off                ; Off                ;
; Optimization Technique                                                          ; Balanced           ; Balanced           ;
; Carry Chain Length                                                              ; 70                 ; 70                 ;
; Auto Carry Chains                                                               ; On                 ; On                 ;
; Auto Open-Drain Pins                                                            ; On                 ; On                 ;
; Perform WYSIWYG Primitive Resynthesis                                           ; Off                ; Off                ;
; Auto ROM Replacement                                                            ; On                 ; On                 ;
; Auto RAM Replacement                                                            ; On                 ; On                 ;
; Auto DSP Block Replacement                                                      ; On                 ; On                 ;
; Auto Shift Register Replacement                                                 ; Auto               ; Auto               ;
; Allow Shift Register Merging across Hierarchies                                 ; Auto               ; Auto               ;
; Auto Clock Enable Replacement                                                   ; On                 ; On                 ;
; Strict RAM Replacement                                                          ; Off                ; Off                ;
; Allow Synchronous Control Signals                                               ; On                 ; On                 ;
; Force Use of Synchronous Clear Signals                                          ; Off                ; Off                ;
; Auto Resource Sharing                                                           ; Off                ; Off                ;
; Allow Any RAM Size For Recognition                                              ; Off                ; Off                ;
; Allow Any ROM Size For Recognition                                              ; Off                ; Off                ;
; Allow Any Shift Register Size For Recognition                                   ; Off                ; Off                ;
; Use LogicLock Constraints during Resource Balancing                             ; On                 ; On                 ;
; Ignore translate_off and synthesis_off directives                               ; Off                ; Off                ;
; Timing-Driven Synthesis                                                         ; On                 ; On                 ;
; Report Parameter Settings                                                       ; On                 ; On                 ;
; Report Source Assignments                                                       ; On                 ; On                 ;
; Report Connectivity Checks                                                      ; On                 ; On                 ;
; Ignore Maximum Fan-Out Assignments                                              ; Off                ; Off                ;
; Synchronization Register Chain Length                                           ; 3                  ; 3                  ;
; Power Optimization During Synthesis                                             ; Normal compilation ; Normal compilation ;
; HDL message level                                                               ; Level2             ; Level2             ;
; Suppress Register Optimization Related Messages                                 ; Off                ; Off                ;
; Number of Removed Registers Reported in Synthesis Report                        ; 5000               ; 5000               ;
; Number of Swept Nodes Reported in Synthesis Report                              ; 5000               ; 5000               ;
; Number of Inverted Registers Reported in Synthesis Report                       ; 100                ; 100                ;
; Clock MUX Protection                                                            ; On                 ; On                 ;
; Auto Gated Clock Conversion                                                     ; Off                ; Off                ;
; Block Design Naming                                                             ; Auto               ; Auto               ;
; SDC constraint protection                                                       ; Off                ; Off                ;
; Synthesis Effort                                                                ; Auto               ; Auto               ;
; Shift Register Replacement - Allow Asynchronous Clear Signal                    ; On                 ; On                 ;
; Pre-Mapping Resynthesis Optimization                                            ; Off                ; Off                ;
; Analysis & Synthesis Message Level                                              ; Medium             ; Medium             ;
; Disable Register Merging Across Hierarchies                                     ; Auto               ; Auto               ;
; Resource Aware Inference For Block RAM                                          ; On                 ; On                 ;
; Automatic Parallel Synthesis                                                    ; On                 ; On                 ;
; Partial Reconfiguration Bitstream ID                                            ; Off                ; Off                ;
+---------------------------------------------------------------------------------+--------------------+--------------------+


+------------------------------------------+
; Parallel Compilation                     ;
+----------------------------+-------------+
; Processors                 ; Number      ;
+----------------------------+-------------+
; Number detected on machine ; 8           ;
; Maximum allowed            ; 4           ;
;                            ;             ;
; Average used               ; 1.00        ;
; Maximum used               ; 4           ;
;                            ;             ;
; Usage by Processor         ; % Time Used ;
;     Processor 1            ; 100.0%      ;
;     Processors 2-4         ;   0.0%      ;
+----------------------------+-------------+


+----------------------------------------------------------------------------------------------------------------------------------------------------------------------------------+
; Analysis & Synthesis Source Files Read                                                                                                                                           ;
+----------------------------------+-----------------+------------------------+------------------------------------------------------------------------------------------+---------+
; File Name with User-Entered Path ; Used in Netlist ; File Type              ; File Name with Absolute Path                                                             ; Library ;
+----------------------------------+-----------------+------------------------+------------------------------------------------------------------------------------------+---------+
; Apple_pick.v                     ; yes             ; User Verilog HDL File  ; C:/Users/haozhe/Desktop/MSC/ELEC5566M/Github/ELEC5566M-MiniProject-haozhe1/Apple_pick.v  ;         ;
; LT24Display.v                    ; yes             ; User Verilog HDL File  ; C:/Users/haozhe/Desktop/MSC/ELEC5566M/Github/ELEC5566M-MiniProject-haozhe1/LT24Display.v ;         ;
+----------------------------------+-----------------+------------------------+------------------------------------------------------------------------------------------+---------+


+-----------------------------------------------------------+
; Analysis & Synthesis Resource Usage Summary               ;
+---------------------------------------------+-------------+
; Resource                                    ; Usage       ;
+---------------------------------------------+-------------+
; Estimate of Logic utilization (ALMs needed) ; 230         ;
;                                             ;             ;
; Combinational ALUT usage for logic          ; 384         ;
;     -- 7 input functions                    ; 3           ;
;     -- 6 input functions                    ; 68          ;
;     -- 5 input functions                    ; 33          ;
;     -- 4 input functions                    ; 58          ;
;     -- <=3 input functions                  ; 222         ;
;                                             ;             ;
; Dedicated logic registers                   ; 216         ;
;                                             ;             ;
; I/O pins                                    ; 30          ;
;                                             ;             ;
; Total DSP Blocks                            ; 0           ;
;                                             ;             ;
; Maximum fan-out node                        ; clock~input ;
; Maximum fan-out                             ; 216         ;
; Total fan-out                               ; 2158        ;
; Average fan-out                             ; 3.27        ;
+---------------------------------------------+-------------+


+----------------------------------------------------------------------------------------------------------------------------------------------------------------------------------------------------------------------------------------------------------------+
; Analysis & Synthesis Resource Utilization by Entity                                                                                                                                                                                                            ;
+--------------------------------------------+---------------------+---------------------------+-------------------+------------+------+--------------+--------------------------------------------------------------------+----------------------+--------------+
; Compilation Hierarchy Node                 ; Combinational ALUTs ; Dedicated Logic Registers ; Block Memory Bits ; DSP Blocks ; Pins ; Virtual Pins ; Full Hierarchy Name                                                ; Entity Name          ; Library Name ;
+--------------------------------------------+---------------------+---------------------------+-------------------+------------+------+--------------+--------------------------------------------------------------------+----------------------+--------------+
; |Apple_pick                                ; 384 (247)           ; 216 (111)                 ; 0                 ; 0          ; 30   ; 0            ; |Apple_pick                                                        ; Apple_pick           ; work         ;
;    |LT24Display:Display|                   ; 112 (54)            ; 88 (51)                   ; 0                 ; 0          ; 0    ; 0            ; |Apple_pick|LT24Display:Display                                    ; LT24Display          ; work         ;
;       |LT24DisplayInterface:LT24Interface| ; 31 (31)             ; 24 (24)                   ; 0                 ; 0          ; 0    ; 0            ; |Apple_pick|LT24Display:Display|LT24DisplayInterface:LT24Interface ; LT24DisplayInterface ; work         ;
;       |LT24InitialData:initDataRom|        ; 27 (27)             ; 9 (9)                     ; 0                 ; 0          ; 0    ; 0            ; |Apple_pick|LT24Display:Display|LT24InitialData:initDataRom        ; LT24InitialData      ; work         ;
;       |ResetSynchroniser:resetGen|         ; 0 (0)               ; 4 (4)                     ; 0                 ; 0          ; 0    ; 0            ; |Apple_pick|LT24Display:Display|ResetSynchroniser:resetGen         ; ResetSynchroniser    ; work         ;
;    |UpCounterNbit:screen_xCounter|         ; 12 (12)             ; 8 (8)                     ; 0                 ; 0          ; 0    ; 0            ; |Apple_pick|UpCounterNbit:screen_xCounter                          ; UpCounterNbit        ; work         ;
;    |UpCounterNbit:screen_yCounter|         ; 13 (13)             ; 9 (9)                     ; 0                 ; 0          ; 0    ; 0            ; |Apple_pick|UpCounterNbit:screen_yCounter                          ; UpCounterNbit        ; work         ;
+--------------------------------------------+---------------------+---------------------------+-------------------+------------+------+--------------+--------------------------------------------------------------------+----------------------+--------------+
Note: For table entries with two numbers listed, the numbers in parentheses indicate the number of resources of the given type used by the specific entity alone. The numbers listed outside of parentheses indicate the total resources of the given type used by the specific entity and all of its sub-entities in the hierarchy.


Encoding Type:  One-Hot
+--------------------------------------------------------------------------+
; State Machine - |Apple_pick|state                                        ;
+---------------+---------------+------------+-------------+---------------+
; Name          ; state.FALLING ; state.LEFT ; state.RIGHT ; state.SHOWING ;
+---------------+---------------+------------+-------------+---------------+
; state.SHOWING ; 0             ; 0          ; 0           ; 0             ;
; state.RIGHT   ; 0             ; 0          ; 1           ; 1             ;
; state.LEFT    ; 0             ; 1          ; 0           ; 1             ;
; state.FALLING ; 1             ; 0          ; 0           ; 1             ;
+---------------+---------------+------------+-------------+---------------+


Encoding Type:  One-Hot
+-----------------------------------------------------------------------------------------------------------------------------------------------------------------------------------------------------------------------------------------------------------------------------------------------------------------------------------+
; State Machine - |Apple_pick|LT24Display:Display|stateMachine                                                                                                                                                                                                                                                                      ;
+---------------------------+-------------------------+--------------------------+---------------------------+---------------------------+--------------------------+---------------------------+---------------------------+--------------------------+------------------------+-------------------------+-------------------------+
; Name                      ; stateMachine.IDLE_STATE ; stateMachine.CASET_STATE ; stateMachine.XHADDR_STATE ; stateMachine.XLADDR_STATE ; stateMachine.PASET_STATE ; stateMachine.YHADDR_STATE ; stateMachine.YLADDR_STATE ; stateMachine.WRITE_STATE ; stateMachine.CMD_STATE ; stateMachine.LOAD_STATE ; stateMachine.INIT_STATE ;
+---------------------------+-------------------------+--------------------------+---------------------------+---------------------------+--------------------------+---------------------------+---------------------------+--------------------------+------------------------+-------------------------+-------------------------+
; stateMachine.INIT_STATE   ; 0                       ; 0                        ; 0                         ; 0                         ; 0                        ; 0                         ; 0                         ; 0                        ; 0                      ; 0                       ; 0                       ;
; stateMachine.LOAD_STATE   ; 0                       ; 0                        ; 0                         ; 0                         ; 0                        ; 0                         ; 0                         ; 0                        ; 0                      ; 1                       ; 1                       ;
; stateMachine.CMD_STATE    ; 0                       ; 0                        ; 0                         ; 0                         ; 0                        ; 0                         ; 0                         ; 0                        ; 1                      ; 0                       ; 1                       ;
; stateMachine.WRITE_STATE  ; 0                       ; 0                        ; 0                         ; 0                         ; 0                        ; 0                         ; 0                         ; 1                        ; 0                      ; 0                       ; 1                       ;
; stateMachine.YLADDR_STATE ; 0                       ; 0                        ; 0                         ; 0                         ; 0                        ; 0                         ; 1                         ; 0                        ; 0                      ; 0                       ; 1                       ;
; stateMachine.YHADDR_STATE ; 0                       ; 0                        ; 0                         ; 0                         ; 0                        ; 1                         ; 0                         ; 0                        ; 0                      ; 0                       ; 1                       ;
; stateMachine.PASET_STATE  ; 0                       ; 0                        ; 0                         ; 0                         ; 1                        ; 0                         ; 0                         ; 0                        ; 0                      ; 0                       ; 1                       ;
; stateMachine.XLADDR_STATE ; 0                       ; 0                        ; 0                         ; 1                         ; 0                        ; 0                         ; 0                         ; 0                        ; 0                      ; 0                       ; 1                       ;
; stateMachine.XHADDR_STATE ; 0                       ; 0                        ; 1                         ; 0                         ; 0                        ; 0                         ; 0                         ; 0                        ; 0                      ; 0                       ; 1                       ;
; stateMachine.CASET_STATE  ; 0                       ; 1                        ; 0                         ; 0                         ; 0                        ; 0                         ; 0                         ; 0                        ; 0                      ; 0                       ; 1                       ;
; stateMachine.IDLE_STATE   ; 1                       ; 0                        ; 0                         ; 0                         ; 0                        ; 0                         ; 0                         ; 0                        ; 0                      ; 0                       ; 1                       ;
+---------------------------+-------------------------+--------------------------+---------------------------+---------------------------+--------------------------+---------------------------+---------------------------+--------------------------+------------------------+-------------------------+-------------------------+


+------------------------------------------------------------------------------------------------+
; Registers Removed During Synthesis                                                             ;
+--------------------------------------------+---------------------------------------------------+
; Register name                              ; Reason for Removal                                ;
+--------------------------------------------+---------------------------------------------------+
; pixelWrite                                 ; Stuck at VCC due to stuck port data_in            ;
; T[0]                                       ; Stuck at GND due to stuck port data_in            ;
; LT24Display:Display|xAddrTemp[8..15]       ; Stuck at GND due to stuck port data_in            ;
; LT24Display:Display|yAddrTemp[9..15]       ; Stuck at GND due to stuck port data_in            ;
; pixelData[11..14]                          ; Merged with pixelData[15]                         ;
; pixelData[5..9]                            ; Merged with pixelData[10]                         ;
; pixelData[0..3]                            ; Merged with pixelData[4]                          ;
; LT24Display:Display|displayData[8,9]       ; Merged with LT24Display:Display|displayData[10]   ;
; LT24Display:Display|displayData[12..15]    ; Merged with LT24Display:Display|displayData[11]   ;
; LT24Display:Display|pixelDataTemp[1..4]    ; Merged with LT24Display:Display|pixelDataTemp[0]  ;
; LT24Display:Display|pixelDataTemp[5..9]    ; Merged with LT24Display:Display|pixelDataTemp[10] ;
; LT24Display:Display|pixelDataTemp[12..15]  ; Merged with LT24Display:Display|pixelDataTemp[11] ;
; LT24Display:Display|stateMachine~15        ; Lost fanout                                       ;
; LT24Display:Display|stateMachine~16        ; Lost fanout                                       ;
; LT24Display:Display|stateMachine~17        ; Lost fanout                                       ;
; LT24Display:Display|stateMachine~18        ; Lost fanout                                       ;
; LT24Display:Display|stateMachine.CMD_STATE ; Stuck at GND due to stuck port data_in            ;
; Total Number of Removed Registers = 54     ;                                                   ;
+--------------------------------------------+---------------------------------------------------+


+-------------------------------------------------------------------------------------------------------------------+
; Removed Registers Triggering Further Register Optimizations                                                       ;
+---------------+---------------------------+-----------------------------------------------------------------------+
; Register name ; Reason for Removal        ; Registers Removed due to This Register                                ;
+---------------+---------------------------+-----------------------------------------------------------------------+
; pixelWrite    ; Stuck at VCC              ; LT24Display:Display|xAddrTemp[15], LT24Display:Display|xAddrTemp[14], ;
;               ; due to stuck port data_in ; LT24Display:Display|xAddrTemp[13], LT24Display:Display|xAddrTemp[12], ;
;               ;                           ; LT24Display:Display|xAddrTemp[11], LT24Display:Display|xAddrTemp[10], ;
;               ;                           ; LT24Display:Display|xAddrTemp[9], LT24Display:Display|xAddrTemp[8],   ;
;               ;                           ; LT24Display:Display|yAddrTemp[15], LT24Display:Display|yAddrTemp[14], ;
;               ;                           ; LT24Display:Display|yAddrTemp[13], LT24Display:Display|yAddrTemp[12], ;
;               ;                           ; LT24Display:Display|yAddrTemp[11], LT24Display:Display|yAddrTemp[10], ;
;               ;                           ; LT24Display:Display|yAddrTemp[9]                                      ;
+---------------+---------------------------+-----------------------------------------------------------------------+


+------------------------------------------------------+
; General Register Statistics                          ;
+----------------------------------------------+-------+
; Statistic                                    ; Value ;
+----------------------------------------------+-------+
; Total registers                              ; 216   ;
; Number of registers using Synchronous Clear  ; 59    ;
; Number of registers using Synchronous Load   ; 0     ;
; Number of registers using Asynchronous Clear ; 128   ;
; Number of registers using Asynchronous Load  ; 0     ;
; Number of registers using Clock Enable       ; 186   ;
; Number of registers using Preset             ; 0     ;
+----------------------------------------------+-------+


+-----------------------------------------------------------------------+
; Inverted Register Statistics                                          ;
+-------------------------------------------------------------+---------+
; Inverted Register                                           ; Fan out ;
+-------------------------------------------------------------+---------+
; LT24Display:Display|displayRegSelect                        ; 2       ;
; LT24Display:Display|ResetSynchroniser:resetGen|resetSync[3] ; 57      ;
; apple_ylocation[3]                                          ; 4       ;
; apple_ylocation[0]                                          ; 4       ;
; apple_xlocation[5]                                          ; 5       ;
; people_xlocation[5]                                         ; 5       ;
; apple_xlocation[6]                                          ; 5       ;
; people_xlocation[6]                                         ; 6       ;
; apple_xlocation[0]                                          ; 5       ;
; people_xlocation[0]                                         ; 4       ;
; apple_xlocation[1]                                          ; 6       ;
; people_xlocation[1]                                         ; 5       ;
; apple_xlocation[2]                                          ; 5       ;
; people_xlocation[2]                                         ; 4       ;
; apple_xlocation[4]                                          ; 5       ;
; people_xlocation[4]                                         ; 5       ;
; last_apple_ylocation[3]                                     ; 2       ;
; last_apple_ylocation[0]                                     ; 2       ;
; LT24Display:Display|ResetSynchroniser:resetGen|resetSync[2] ; 1       ;
; last_apple_xlocation[5]                                     ; 1       ;
; last_apple_xlocation[6]                                     ; 1       ;
; last_apple_xlocation[0]                                     ; 1       ;
; last_people_xlocation[0]                                    ; 1       ;
; last_apple_xlocation[1]                                     ; 1       ;
; last_apple_xlocation[2]                                     ; 1       ;
; last_apple_xlocation[4]                                     ; 1       ;
; LT24Display:Display|ResetSynchroniser:resetGen|resetSync[1] ; 1       ;
; pixelData[4]                                                ; 2       ;
; last_people_xlocation[5]                                    ; 1       ;
; last_people_xlocation[6]                                    ; 1       ;
; last_people_xlocation[1]                                    ; 1       ;
; last_people_xlocation[2]                                    ; 1       ;
; last_people_xlocation[4]                                    ; 1       ;
; LT24Display:Display|ResetSynchroniser:resetGen|resetSync[0] ; 1       ;
; Total number of inverted registers = 34                     ;         ;
+-------------------------------------------------------------+---------+


+-----------------------------------------------------------------------------------------------------------------------------------------------------------------------+
; Multiplexer Restructuring Statistics (Restructuring Performed)                                                                                                        ;
+--------------------+-----------+---------------+----------------------+------------------------+------------+---------------------------------------------------------+
; Multiplexer Inputs ; Bus Width ; Baseline Area ; Area if Restructured ; Saving if Restructured ; Registered ; Example Multiplexer Output                              ;
+--------------------+-----------+---------------+----------------------+------------------------+------------+---------------------------------------------------------+
; 3:1                ; 7 bits    ; 14 LEs        ; 7 LEs                ; 7 LEs                  ; Yes        ; |Apple_pick|apple_ylocation[4]                          ;
; 3:1                ; 2 bits    ; 4 LEs         ; 2 LEs                ; 2 LEs                  ; Yes        ; |Apple_pick|apple_xlocation[7]                          ;
; 4:1                ; 2 bits    ; 4 LEs         ; 4 LEs                ; 0 LEs                  ; Yes        ; |Apple_pick|pixelData[15]                               ;
; 4:1                ; 8 bits    ; 16 LEs        ; 0 LEs                ; 16 LEs                 ; Yes        ; |Apple_pick|UpCounterNbit:screen_xCounter|countValue[0] ;
; 4:1                ; 9 bits    ; 18 LEs        ; 0 LEs                ; 18 LEs                 ; Yes        ; |Apple_pick|UpCounterNbit:screen_yCounter|countValue[2] ;
; 6:1                ; 2 bits    ; 8 LEs         ; 2 LEs                ; 6 LEs                  ; Yes        ; |Apple_pick|LT24Display:Display|displayData[11]         ;
; 12:1               ; 3 bits    ; 24 LEs        ; 9 LEs                ; 15 LEs                 ; Yes        ; |Apple_pick|LT24Display:Display|displayData[7]          ;
; 14:1               ; 2 bits    ; 18 LEs        ; 8 LEs                ; 10 LEs                 ; Yes        ; |Apple_pick|LT24Display:Display|displayData[3]          ;
; 3:1                ; 3 bits    ; 6 LEs         ; 3 LEs                ; 3 LEs                  ; Yes        ; |Apple_pick|apple_xlocation[0]                          ;
; 3:1                ; 5 bits    ; 10 LEs        ; 5 LEs                ; 5 LEs                  ; Yes        ; |Apple_pick|apple_xlocation[2]                          ;
; 6:1                ; 2 bits    ; 8 LEs         ; 4 LEs                ; 4 LEs                  ; No         ; |Apple_pick|state.LEFT                                  ;
; 8:1                ; 2 bits    ; 10 LEs        ; 6 LEs                ; 4 LEs                  ; No         ; |Apple_pick|state.FALLING                               ;
; 6:1                ; 3 bits    ; 12 LEs        ; 6 LEs                ; 6 LEs                  ; No         ; |Apple_pick|LT24Display:Display|Selector10              ;
+--------------------+-----------+---------------+----------------------+------------------------+------------+---------------------------------------------------------+


+--------------------------------------------+
; Source assignments for LT24Display:Display ;
+-----------------+-------+------+-----------+
; Assignment      ; Value ; From ; To        ;
+-----------------+-------+------+-----------+
; MESSAGE_DISABLE ; 10030 ; -    ; -         ;
+-----------------+-------+------+-----------+


+------------------------------------------------------------------+
; Parameter Settings for User Entity Instance: LT24Display:Display ;
+----------------+----------+--------------------------------------+
; Parameter Name ; Value    ; Type                                 ;
+----------------+----------+--------------------------------------+
; CLOCK_FREQ     ; 50000000 ; Signed Integer                       ;
; WIDTH          ; 240      ; Signed Integer                       ;
; HEIGHT         ; 320      ; Signed Integer                       ;
; XBITS          ; 8        ; Signed Integer                       ;
; YBITS          ; 9        ; Signed Integer                       ;
+----------------+----------+--------------------------------------+
Note: In order to hide this table in the UI and the text report file, please set the "Show Parameter Settings in Synthesis Report" option in "Analysis and Synthesis Settings -> More Settings" to "Off".


+----------------------------------------------------------------------------------------------+
; Parameter Settings for User Entity Instance: LT24Display:Display|LT24InitialData:initDataRom ;
+----------------+-------+---------------------------------------------------------------------+
; Parameter Name ; Value ; Type                                                                ;
+----------------+-------+---------------------------------------------------------------------+
; WIDTH          ; 240   ; Signed Integer                                                      ;
; HEIGHT         ; 320   ; Signed Integer                                                      ;
+----------------+-------+---------------------------------------------------------------------+
Note: In order to hide this table in the UI and the text report file, please set the "Show Parameter Settings in Synthesis Report" option in "Analysis and Synthesis Settings -> More Settings" to "Off".


+-----------------------------------------------------------------------------------------------------+
; Parameter Settings for User Entity Instance: LT24Display:Display|LT24DisplayInterface:LT24Interface ;
+----------------+----------+-------------------------------------------------------------------------+
; Parameter Name ; Value    ; Type                                                                    ;
+----------------+----------+-------------------------------------------------------------------------+
; CLOCK_FREQ     ; 50000000 ; Signed Integer                                                          ;
+----------------+----------+-------------------------------------------------------------------------+
Note: In order to hide this table in the UI and the text report file, please set the "Show Parameter Settings in Synthesis Report" option in "Analysis and Synthesis Settings -> More Settings" to "Off".


+----------------------------------------------------------------------------+
; Parameter Settings for User Entity Instance: UpCounterNbit:screen_xCounter ;
+----------------+-------+---------------------------------------------------+
; Parameter Name ; Value ; Type                                              ;
+----------------+-------+---------------------------------------------------+
; WIDTH          ; 8     ; Signed Integer                                    ;
; INCREMENT      ; 1     ; Signed Integer                                    ;
; MAX_VALUE      ; 239   ; Signed Integer                                    ;
+----------------+-------+---------------------------------------------------+
Note: In order to hide this table in the UI and the text report file, please set the "Show Parameter Settings in Synthesis Report" option in "Analysis and Synthesis Settings -> More Settings" to "Off".


+----------------------------------------------------------------------------+
; Parameter Settings for User Entity Instance: UpCounterNbit:screen_yCounter ;
+----------------+-------+---------------------------------------------------+
; Parameter Name ; Value ; Type                                              ;
+----------------+-------+---------------------------------------------------+
; WIDTH          ; 9     ; Signed Integer                                    ;
; INCREMENT      ; 1     ; Signed Integer                                    ;
; MAX_VALUE      ; 319   ; Signed Integer                                    ;
+----------------+-------+---------------------------------------------------+
Note: In order to hide this table in the UI and the text report file, please set the "Show Parameter Settings in Synthesis Report" option in "Analysis and Synthesis Settings -> More Settings" to "Off".


+-----------------------------------------------------------+
; Port Connectivity Checks: "LT24Display:Display"           ;
+--------------+--------+----------+------------------------+
; Port         ; Type   ; Severity ; Details                ;
+--------------+--------+----------+------------------------+
; pixelRawMode ; Input  ; Info     ; Stuck at GND           ;
; cmdData      ; Input  ; Info     ; Stuck at GND           ;
; cmdWrite     ; Input  ; Info     ; Stuck at GND           ;
; cmdDone      ; Input  ; Info     ; Stuck at GND           ;
; cmdReady     ; Output ; Info     ; Explicitly unconnected ;
+--------------+--------+----------+------------------------+


+-----------------------------------------------------+
; Post-Synthesis Netlist Statistics for Top Partition ;
+-----------------------+-----------------------------+
; Type                  ; Count                       ;
+-----------------------+-----------------------------+
; arriav_ff             ; 216                         ;
;     CLR               ; 18                          ;
;     ENA               ; 24                          ;
;     ENA CLR           ; 103                         ;
;     ENA CLR SCLR      ; 7                           ;
;     ENA SCLR          ; 52                          ;
;     plain             ; 12                          ;
; arriav_lcell_comb     ; 387                         ;
;     arith             ; 124                         ;
;         0 data inputs ; 1                           ;
;         1 data inputs ; 113                         ;
;         2 data inputs ; 10                          ;
;     extend            ; 3                           ;
;         7 data inputs ; 3                           ;
;     normal            ; 260                         ;
;         0 data inputs ; 2                           ;
;         1 data inputs ; 8                           ;
;         2 data inputs ; 48                          ;
;         3 data inputs ; 43                          ;
;         4 data inputs ; 58                          ;
;         5 data inputs ; 33                          ;
;         6 data inputs ; 68                          ;
; boundary_port         ; 30                          ;
;                       ;                             ;
; Max LUT depth         ; 5.60                        ;
; Average LUT depth     ; 2.94                        ;
+-----------------------+-----------------------------+


+-------------------------------+
; Elapsed Time Per Partition    ;
+----------------+--------------+
; Partition Name ; Elapsed Time ;
+----------------+--------------+
; Top            ; 00:00:00     ;
+----------------+--------------+


+-------------------------------+
; Analysis & Synthesis Messages ;
+-------------------------------+
Info: *******************************************************************
Info: Running Quartus Prime Analysis & Synthesis
    Info: Version 17.1.0 Build 590 10/25/2017 SJ Lite Edition
    Info: Processing started: Wed May 19 15:32:25 2021
Info: Command: quartus_map --read_settings_files=on --write_settings_files=off miniproj -c miniproj
Warning (18236): Number of processors has not been specified which may cause overloading on shared machines.  Set the global assignment NUM_PARALLEL_PROCESSORS in your QSF to an appropriate value for best performance.
Info (20030): Parallel compilation is enabled and will use 4 of the 4 processors detected
Info (12021): Found 2 design units, including 2 entities, in source file apple_pick.v
    Info (12023): Found entity 1: Apple_pick File: C:/Users/haozhe/Desktop/MSC/ELEC5566M/Github/ELEC5566M-MiniProject-haozhe1/Apple_pick.v Line: 1
    Info (12023): Found entity 2: UpCounterNbit File: C:/Users/haozhe/Desktop/MSC/ELEC5566M/Github/ELEC5566M-MiniProject-haozhe1/Apple_pick.v Line: 287
Info (12021): Found 4 design units, including 4 entities, in source file lt24display.v
    Info (12023): Found entity 1: LT24Display File: C:/Users/haozhe/Desktop/MSC/ELEC5566M/Github/ELEC5566M-MiniProject-haozhe1/LT24Display.v Line: 86
    Info (12023): Found entity 2: LT24DisplayInterface File: C:/Users/haozhe/Desktop/MSC/ELEC5566M/Github/ELEC5566M-MiniProject-haozhe1/LT24Display.v Line: 409
    Info (12023): Found entity 3: ResetSynchroniser File: C:/Users/haozhe/Desktop/MSC/ELEC5566M/Github/ELEC5566M-MiniProject-haozhe1/LT24Display.v Line: 493
    Info (12023): Found entity 4: LT24InitialData File: C:/Users/haozhe/Desktop/MSC/ELEC5566M/Github/ELEC5566M-MiniProject-haozhe1/LT24Display.v Line: 523
Info (12021): Found 1 design units, including 1 entities, in source file apple_pick_tb.v
    Info (12023): Found entity 1: Apple_pick_tb File: C:/Users/haozhe/Desktop/MSC/ELEC5566M/Github/ELEC5566M-MiniProject-haozhe1/Apple_pick_tb.v Line: 2
Info (12127): Elaborating entity "Apple_pick" for the top level hierarchy
Warning (10036): Verilog HDL or VHDL warning at Apple_pick.v(116): object "last_people_ylocation" assigned a value but never read File: C:/Users/haozhe/Desktop/MSC/ELEC5566M/Github/ELEC5566M-MiniProject-haozhe1/Apple_pick.v Line: 116
Warning (10036): Verilog HDL or VHDL warning at Apple_pick.v(119): object "right_last" assigned a value but never read File: C:/Users/haozhe/Desktop/MSC/ELEC5566M/Github/ELEC5566M-MiniProject-haozhe1/Apple_pick.v Line: 119
Warning (10036): Verilog HDL or VHDL warning at Apple_pick.v(120): object "left_last" assigned a value but never read File: C:/Users/haozhe/Desktop/MSC/ELEC5566M/Github/ELEC5566M-MiniProject-haozhe1/Apple_pick.v Line: 120
Warning (10240): Verilog HDL Always Construct warning at Apple_pick.v(129): inferring latch(es) for variable "people_ylocation", which holds its previous value in one or more paths through the always construct File: C:/Users/haozhe/Desktop/MSC/ELEC5566M/Github/ELEC5566M-MiniProject-haozhe1/Apple_pick.v Line: 129
Info (10041): Inferred latch for "people_ylocation[0]" at Apple_pick.v(129) File: C:/Users/haozhe/Desktop/MSC/ELEC5566M/Github/ELEC5566M-MiniProject-haozhe1/Apple_pick.v Line: 129
Info (10041): Inferred latch for "people_ylocation[1]" at Apple_pick.v(129) File: C:/Users/haozhe/Desktop/MSC/ELEC5566M/Github/ELEC5566M-MiniProject-haozhe1/Apple_pick.v Line: 129
Info (10041): Inferred latch for "people_ylocation[2]" at Apple_pick.v(129) File: C:/Users/haozhe/Desktop/MSC/ELEC5566M/Github/ELEC5566M-MiniProject-haozhe1/Apple_pick.v Line: 129
Info (10041): Inferred latch for "people_ylocation[3]" at Apple_pick.v(129) File: C:/Users/haozhe/Desktop/MSC/ELEC5566M/Github/ELEC5566M-MiniProject-haozhe1/Apple_pick.v Line: 129
Info (10041): Inferred latch for "people_ylocation[4]" at Apple_pick.v(129) File: C:/Users/haozhe/Desktop/MSC/ELEC5566M/Github/ELEC5566M-MiniProject-haozhe1/Apple_pick.v Line: 129
Info (10041): Inferred latch for "people_ylocation[5]" at Apple_pick.v(129) File: C:/Users/haozhe/Desktop/MSC/ELEC5566M/Github/ELEC5566M-MiniProject-haozhe1/Apple_pick.v Line: 129
Info (10041): Inferred latch for "people_ylocation[6]" at Apple_pick.v(129) File: C:/Users/haozhe/Desktop/MSC/ELEC5566M/Github/ELEC5566M-MiniProject-haozhe1/Apple_pick.v Line: 129
Info (10041): Inferred latch for "people_ylocation[7]" at Apple_pick.v(129) File: C:/Users/haozhe/Desktop/MSC/ELEC5566M/Github/ELEC5566M-MiniProject-haozhe1/Apple_pick.v Line: 129
Info (10041): Inferred latch for "people_ylocation[8]" at Apple_pick.v(129) File: C:/Users/haozhe/Desktop/MSC/ELEC5566M/Github/ELEC5566M-MiniProject-haozhe1/Apple_pick.v Line: 129
Info (12128): Elaborating entity "LT24Display" for hierarchy "LT24Display:Display" File: C:/Users/haozhe/Desktop/MSC/ELEC5566M/Github/ELEC5566M-MiniProject-haozhe1/Apple_pick.v Line: 81
Info (12128): Elaborating entity "ResetSynchroniser" for hierarchy "LT24Display:Display|ResetSynchroniser:resetGen" File: C:/Users/haozhe/Desktop/MSC/ELEC5566M/Github/ELEC5566M-MiniProject-haozhe1/LT24Display.v Line: 157
Info (12128): Elaborating entity "LT24InitialData" for hierarchy "LT24Display:Display|LT24InitialData:initDataRom" File: C:/Users/haozhe/Desktop/MSC/ELEC5566M/Github/ELEC5566M-MiniProject-haozhe1/LT24Display.v Line: 174
Info (12128): Elaborating entity "LT24DisplayInterface" for hierarchy "LT24Display:Display|LT24DisplayInterface:LT24Interface" File: C:/Users/haozhe/Desktop/MSC/ELEC5566M/Github/ELEC5566M-MiniProject-haozhe1/LT24Display.v Line: 392
Info (12128): Elaborating entity "UpCounterNbit" for hierarchy "UpCounterNbit:screen_xCounter" File: C:/Users/haozhe/Desktop/MSC/ELEC5566M/Github/ELEC5566M-MiniProject-haozhe1/Apple_pick.v Line: 94
Info (12128): Elaborating entity "UpCounterNbit" for hierarchy "UpCounterNbit:screen_yCounter" File: C:/Users/haozhe/Desktop/MSC/ELEC5566M/Github/ELEC5566M-MiniProject-haozhe1/Apple_pick.v Line: 108
Info (276014): Found 1 instances of uninferred RAM logic
    Info (276004): RAM logic "LT24Display:Display|LT24InitialData:initDataRom|ROM" is uninferred due to inappropriate RAM size File: C:/Users/haozhe/Desktop/MSC/ELEC5566M/Github/ELEC5566M-MiniProject-haozhe1/LT24Display.v Line: 540
Warning (13004): Presettable and clearable registers converted to equivalent circuits with latches. Registers power-up to an undefined state, and DEVCLRn places the registers in an undefined state.
    Warning (13310): Register "yAddr[0]" is converted into an equivalent circuit using register "yAddr[0]~_emulated" and latch "yAddr[0]~1" File: C:/Users/haozhe/Desktop/MSC/ELEC5566M/Github/ELEC5566M-MiniProject-haozhe1/Apple_pick.v Line: 150
    Warning (13310): Register "yAddr[8]" is converted into an equivalent circuit using register "yAddr[8]~_emulated" and latch "yAddr[8]~5" File: C:/Users/haozhe/Desktop/MSC/ELEC5566M/Github/ELEC5566M-MiniProject-haozhe1/Apple_pick.v Line: 150
    Warning (13310): Register "xAddr[0]" is converted into an equivalent circuit using register "xAddr[0]~_emulated" and latch "xAddr[0]~1" File: C:/Users/haozhe/Desktop/MSC/ELEC5566M/Github/ELEC5566M-MiniProject-haozhe1/Apple_pick.v Line: 150
    Warning (13310): Register "yAddr[1]" is converted into an equivalent circuit using register "yAddr[1]~_emulated" and latch "yAddr[1]~9" File: C:/Users/haozhe/Desktop/MSC/ELEC5566M/Github/ELEC5566M-MiniProject-haozhe1/Apple_pick.v Line: 150
    Warning (13310): Register "xAddr[1]" is converted into an equivalent circuit using register "xAddr[1]~_emulated" and latch "xAddr[1]~5" File: C:/Users/haozhe/Desktop/MSC/ELEC5566M/Github/ELEC5566M-MiniProject-haozhe1/Apple_pick.v Line: 150
    Warning (13310): Register "yAddr[2]" is converted into an equivalent circuit using register "yAddr[2]~_emulated" and latch "yAddr[2]~13" File: C:/Users/haozhe/Desktop/MSC/ELEC5566M/Github/ELEC5566M-MiniProject-haozhe1/Apple_pick.v Line: 150
    Warning (13310): Register "xAddr[2]" is converted into an equivalent circuit using register "xAddr[2]~_emulated" and latch "xAddr[2]~9" File: C:/Users/haozhe/Desktop/MSC/ELEC5566M/Github/ELEC5566M-MiniProject-haozhe1/Apple_pick.v Line: 150
    Warning (13310): Register "yAddr[3]" is converted into an equivalent circuit using register "yAddr[3]~_emulated" and latch "yAddr[3]~17" File: C:/Users/haozhe/Desktop/MSC/ELEC5566M/Github/ELEC5566M-MiniProject-haozhe1/Apple_pick.v Line: 150
    Warning (13310): Register "xAddr[3]" is converted into an equivalent circuit using register "xAddr[3]~_emulated" and latch "xAddr[3]~13" File: C:/Users/haozhe/Desktop/MSC/ELEC5566M/Github/ELEC5566M-MiniProject-haozhe1/Apple_pick.v Line: 150
    Warning (13310): Register "yAddr[4]" is converted into an equivalent circuit using register "yAddr[4]~_emulated" and latch "yAddr[4]~21" File: C:/Users/haozhe/Desktop/MSC/ELEC5566M/Github/ELEC5566M-MiniProject-haozhe1/Apple_pick.v Line: 150
    Warning (13310): Register "xAddr[4]" is converted into an equivalent circuit using register "xAddr[4]~_emulated" and latch "xAddr[4]~17" File: C:/Users/haozhe/Desktop/MSC/ELEC5566M/Github/ELEC5566M-MiniProject-haozhe1/Apple_pick.v Line: 150
    Warning (13310): Register "yAddr[5]" is converted into an equivalent circuit using register "yAddr[5]~_emulated" and latch "yAddr[5]~25" File: C:/Users/haozhe/Desktop/MSC/ELEC5566M/Github/ELEC5566M-MiniProject-haozhe1/Apple_pick.v Line: 150
    Warning (13310): Register "xAddr[5]" is converted into an equivalent circuit using register "xAddr[5]~_emulated" and latch "xAddr[5]~21" File: C:/Users/haozhe/Desktop/MSC/ELEC5566M/Github/ELEC5566M-MiniProject-haozhe1/Apple_pick.v Line: 150
    Warning (13310): Register "yAddr[6]" is converted into an equivalent circuit using register "yAddr[6]~_emulated" and latch "yAddr[6]~29" File: C:/Users/haozhe/Desktop/MSC/ELEC5566M/Github/ELEC5566M-MiniProject-haozhe1/Apple_pick.v Line: 150
    Warning (13310): Register "xAddr[6]" is converted into an equivalent circuit using register "xAddr[6]~_emulated" and latch "xAddr[6]~25" File: C:/Users/haozhe/Desktop/MSC/ELEC5566M/Github/ELEC5566M-MiniProject-haozhe1/Apple_pick.v Line: 150
    Warning (13310): Register "yAddr[7]" is converted into an equivalent circuit using register "yAddr[7]~_emulated" and latch "yAddr[7]~33" File: C:/Users/haozhe/Desktop/MSC/ELEC5566M/Github/ELEC5566M-MiniProject-haozhe1/Apple_pick.v Line: 150
    Warning (13310): Register "xAddr[7]" is converted into an equivalent circuit using register "xAddr[7]~_emulated" and latch "xAddr[7]~29" File: C:/Users/haozhe/Desktop/MSC/ELEC5566M/Github/ELEC5566M-MiniProject-haozhe1/Apple_pick.v Line: 150
Warning (13024): Output pins are stuck at VCC or GND
    Warning (13410): Pin "LT24Rd_n" is stuck at VCC File: C:/Users/haozhe/Desktop/MSC/ELEC5566M/Github/ELEC5566M-MiniProject-haozhe1/Apple_pick.v Line: 19
    Warning (13410): Pin "LT24CS_n" is stuck at GND File: C:/Users/haozhe/Desktop/MSC/ELEC5566M/Github/ELEC5566M-MiniProject-haozhe1/Apple_pick.v Line: 20
    Warning (13410): Pin "LT24LCDOn" is stuck at VCC File: C:/Users/haozhe/Desktop/MSC/ELEC5566M/Github/ELEC5566M-MiniProject-haozhe1/Apple_pick.v Line: 25
Info (286030): Timing-Driven Synthesis is running
Critical Warning (18061): Ignored Power-Up Level option on the following registers
    Critical Warning (18010): Register last_apple_ylocation[3] will power up to High File: C:/Users/haozhe/Desktop/MSC/ELEC5566M/Github/ELEC5566M-MiniProject-haozhe1/Apple_pick.v Line: 150
    Critical Warning (18010): Register last_apple_ylocation[0] will power up to High File: C:/Users/haozhe/Desktop/MSC/ELEC5566M/Github/ELEC5566M-MiniProject-haozhe1/Apple_pick.v Line: 150
    Critical Warning (18010): Register last_apple_xlocation[0] will power up to High File: C:/Users/haozhe/Desktop/MSC/ELEC5566M/Github/ELEC5566M-MiniProject-haozhe1/Apple_pick.v Line: 150
    Critical Warning (18010): Register last_people_xlocation[0] will power up to High File: C:/Users/haozhe/Desktop/MSC/ELEC5566M/Github/ELEC5566M-MiniProject-haozhe1/Apple_pick.v Line: 150
    Critical Warning (18010): Register last_apple_xlocation[1] will power up to High File: C:/Users/haozhe/Desktop/MSC/ELEC5566M/Github/ELEC5566M-MiniProject-haozhe1/Apple_pick.v Line: 150
    Critical Warning (18010): Register last_apple_xlocation[2] will power up to High File: C:/Users/haozhe/Desktop/MSC/ELEC5566M/Github/ELEC5566M-MiniProject-haozhe1/Apple_pick.v Line: 150
    Critical Warning (18010): Register last_apple_xlocation[4] will power up to High File: C:/Users/haozhe/Desktop/MSC/ELEC5566M/Github/ELEC5566M-MiniProject-haozhe1/Apple_pick.v Line: 150
    Critical Warning (18010): Register last_apple_xlocation[5] will power up to High File: C:/Users/haozhe/Desktop/MSC/ELEC5566M/Github/ELEC5566M-MiniProject-haozhe1/Apple_pick.v Line: 150
    Critical Warning (18010): Register last_apple_xlocation[6] will power up to High File: C:/Users/haozhe/Desktop/MSC/ELEC5566M/Github/ELEC5566M-MiniProject-haozhe1/Apple_pick.v Line: 150
    Critical Warning (18010): Register last_people_xlocation[1] will power up to High File: C:/Users/haozhe/Desktop/MSC/ELEC5566M/Github/ELEC5566M-MiniProject-haozhe1/Apple_pick.v Line: 150
    Critical Warning (18010): Register last_people_xlocation[2] will power up to High File: C:/Users/haozhe/Desktop/MSC/ELEC5566M/Github/ELEC5566M-MiniProject-haozhe1/Apple_pick.v Line: 150
    Critical Warning (18010): Register last_people_xlocation[4] will power up to High File: C:/Users/haozhe/Desktop/MSC/ELEC5566M/Github/ELEC5566M-MiniProject-haozhe1/Apple_pick.v Line: 150
    Critical Warning (18010): Register last_people_xlocation[5] will power up to High File: C:/Users/haozhe/Desktop/MSC/ELEC5566M/Github/ELEC5566M-MiniProject-haozhe1/Apple_pick.v Line: 150
    Critical Warning (18010): Register last_people_xlocation[6] will power up to High File: C:/Users/haozhe/Desktop/MSC/ELEC5566M/Github/ELEC5566M-MiniProject-haozhe1/Apple_pick.v Line: 150
Info (17049): 4 registers lost all their fanouts during netlist optimizations.
Info (144001): Generated suppressed messages file C:/Users/haozhe/Desktop/MSC/ELEC5566M/Github/ELEC5566M-MiniProject-haozhe1/output_files/miniproj.map.smsg
Info (16010): Generating hard_block partition "hard_block:auto_generated_inst"
    Info (16011): Adding 0 node(s), including 0 DDIO, 0 PLL, 0 transceiver and 0 LCELL
Warning (21074): Design contains 1 input pin(s) that do not drive logic
    Warning (15610): No output dependent on input pin "switch" File: C:/Users/haozhe/Desktop/MSC/ELEC5566M/Github/ELEC5566M-MiniProject-haozhe1/Apple_pick.v Line: 10
Info (21057): Implemented 456 device resources after synthesis - the final resource count might be different
    Info (21058): Implemented 5 input pins
    Info (21059): Implemented 25 output pins
    Info (21061): Implemented 426 logic cells
Info: Quartus Prime Analysis & Synthesis was successful. 0 errors, 44 warnings
    Info: Peak virtual memory: 4829 megabytes
    Info: Processing ended: Wed May 19 15:32:35 2021
    Info: Elapsed time: 00:00:10
    Info: Total CPU time (on all processors): 00:00:18


+------------------------------------------+
; Analysis & Synthesis Suppressed Messages ;
+------------------------------------------+
The suppressed messages can be found in C:/Users/haozhe/Desktop/MSC/ELEC5566M/Github/ELEC5566M-MiniProject-haozhe1/output_files/miniproj.map.smsg.


